p/1611875697421.png 1 0 0 4128 3096
p/1611875697418.png 1 0 0 4128 3096
p/1611875697414.png 1 0 0 4128 3096
p/1611875697411.png 1 0 0 4128 3096
p/1611875697408.png 1 0 0 4128 3096
p/1611875697404.png 1 0 0 4128 3096
p/1611875697400.png 1 0 0 4128 3096
p/1611875697397.png 1 0 0 4128 3096
p/1611875697394.png 1 0 0 4128 3096
p/1611875697488.png 1 0 0 4128 3096
p/1611875697485.png 1 0 0 4128 3096
p/1611875697482.png 1 0 0 4128 3096
p/1611875697479.png 1 0 0 4128 3096
p/1611875697475.png 1 0 0 4128 3096
p/1611875697472.png 1 0 0 4128 3096
p/1611875697465.png 1 0 0 4128 3096
p/1611875697427.png 1 0 0 4128 3096
p/1611875697390.png 1 0 0 4128 3096
p/1611875697469.png 1 0 0 4128 3096
p/1611875697461.png 1 0 0 4128 3096
p/1611875697457.png 1 0 0 4128 3096
p/1611875697453.png 1 0 0 4128 3096
p/1611875697450.png 1 0 0 4128 3096
p/1611875697446.png 1 0 0 4128 3096
p/1611875697443.png 1 0 0 4128 3096
p/1611875697440.png 1 0 0 4128 3096
p/1611875697437.png 1 0 0 4128 3096
p/1611875697433.png 1 0 0 4128 3096
p/1611875697430.png 1 0 0 4128 3096
p/1611875697424.png 1 0 0 4128 3096